<?xml version="1.0" encoding="UTF-8"?>
<!-- Generated by org.testng.reporters.JUnitReportReporter -->
<testsuite hostname="NDI-LAP-138" failures="0" tests="1" name="testcases.locationTestCase" time="10.790" errors="0" timestamp="2022-09-22T16:47:11 IST" skipped="0">
  <testcase classname="testcases.locationTestCase" name="location" time="10.790"/>
  <system-out/>
</testsuite> <!-- testcases.locationTestCase -->
