<?xml version="1.0" encoding="UTF-8"?>
<!-- Generated by org.testng.reporters.JUnitReportReporter -->
<testsuite hostname="NDI-LAP-138" failures="0" tests="3" name="testcases.EmployeeTestCase" time="50.494" errors="0" timestamp="2022-09-28T17:32:23 IST" skipped="0">
  <testcase classname="testcases.EmployeeTestCase" name="clearFiltersTest" time="0.630"/>
  <system-out/>
  <testcase classname="testcases.EmployeeTestCase" name="employee" time="23.186"/>
  <system-out/>
  <testcase classname="testcases.EmployeeTestCase" name="employee" time="26.678"/>
  <system-out/>
</testsuite> <!-- testcases.EmployeeTestCase -->
